2024-12-07 17:37:13,204 - scrap_logging - INFO - Initialized a fresh new_properties file at results/new_properties.pkl.
2024-12-07 17:37:17,963 - scrap_logging - INFO - Skipping download: axius\page_1.html already exists.
2024-12-07 17:37:18,016 - scrap_logging - INFO - Total Properties: 147
2024-12-07 17:37:18,016 - scrap_logging - INFO - ----------------------------------------------------------------------------------------------------
2024-12-07 17:37:18,016 - scrap_logging - INFO - Scraping page 1/13...
2024-12-07 17:37:18,017 - scrap_logging - INFO - Skipping download: axius\page_1.html already exists.
2024-12-07 17:37:18,102 - scrap_logging - INFO - Number of items: 227
2024-12-07 17:37:18,102 - scrap_logging - INFO - ----------------------------------------------------------------------------------------------------
2024-12-07 17:37:18,103 - scrap_logging - INFO - Scraping page 2/13...
2024-12-07 17:37:18,103 - scrap_logging - INFO - Skipping download: axius\page_2.html already exists.
2024-12-07 17:37:18,172 - scrap_logging - INFO - Number of items: 227
2024-12-07 17:37:18,173 - scrap_logging - INFO - ----------------------------------------------------------------------------------------------------
2024-12-07 17:37:18,173 - scrap_logging - INFO - Scraping page 3/13...
2024-12-07 17:37:18,174 - scrap_logging - INFO - Skipping download: axius\page_3.html already exists.
2024-12-07 17:37:18,245 - scrap_logging - INFO - Number of items: 227
2024-12-07 17:37:18,246 - scrap_logging - INFO - ----------------------------------------------------------------------------------------------------
2024-12-07 17:37:18,246 - scrap_logging - INFO - Scraping page 4/13...
2024-12-07 17:37:18,247 - scrap_logging - INFO - Skipping download: axius\page_4.html already exists.
2024-12-07 17:37:18,315 - scrap_logging - INFO - Number of items: 227
2024-12-07 17:37:18,315 - scrap_logging - INFO - ----------------------------------------------------------------------------------------------------
2024-12-07 17:37:18,316 - scrap_logging - INFO - Scraping page 5/13...
2024-12-07 17:37:18,317 - scrap_logging - INFO - Skipping download: axius\page_5.html already exists.
2024-12-07 17:37:18,411 - scrap_logging - INFO - Number of items: 227
2024-12-07 17:37:18,412 - scrap_logging - INFO - ----------------------------------------------------------------------------------------------------
2024-12-07 17:37:18,412 - scrap_logging - INFO - Scraping page 6/13...
2024-12-07 17:37:18,413 - scrap_logging - INFO - Skipping download: axius\page_6.html already exists.
2024-12-07 17:37:18,487 - scrap_logging - INFO - Number of items: 227
2024-12-07 17:37:18,488 - scrap_logging - INFO - ----------------------------------------------------------------------------------------------------
2024-12-07 17:37:18,489 - scrap_logging - INFO - Scraping page 7/13...
2024-12-07 17:37:18,489 - scrap_logging - INFO - Skipping download: axius\page_7.html already exists.
2024-12-07 17:37:18,562 - scrap_logging - INFO - Number of items: 227
2024-12-07 17:37:18,562 - scrap_logging - INFO - ----------------------------------------------------------------------------------------------------
2024-12-07 17:37:18,562 - scrap_logging - INFO - Scraping page 8/13...
2024-12-07 17:37:18,563 - scrap_logging - INFO - Skipping download: axius\page_8.html already exists.
2024-12-07 17:37:18,632 - scrap_logging - INFO - Number of items: 227
2024-12-07 17:37:18,632 - scrap_logging - INFO - ----------------------------------------------------------------------------------------------------
2024-12-07 17:37:18,633 - scrap_logging - INFO - Scraping page 9/13...
2024-12-07 17:37:18,633 - scrap_logging - INFO - Skipping download: axius\page_9.html already exists.
2024-12-07 17:37:18,701 - scrap_logging - INFO - Number of items: 227
2024-12-07 17:37:18,701 - scrap_logging - INFO - ----------------------------------------------------------------------------------------------------
2024-12-07 17:37:18,702 - scrap_logging - INFO - Scraping page 10/13...
2024-12-07 17:37:18,702 - scrap_logging - INFO - Skipping download: axius\page_10.html already exists.
2024-12-07 17:37:18,770 - scrap_logging - INFO - Number of items: 227
2024-12-07 17:37:18,770 - scrap_logging - INFO - ----------------------------------------------------------------------------------------------------
2024-12-07 17:37:18,771 - scrap_logging - INFO - Scraping page 11/13...
2024-12-07 17:37:18,771 - scrap_logging - INFO - Skipping download: axius\page_11.html already exists.
2024-12-07 17:37:18,838 - scrap_logging - INFO - Number of items: 227
2024-12-07 17:37:18,838 - scrap_logging - INFO - ----------------------------------------------------------------------------------------------------
2024-12-07 17:37:18,838 - scrap_logging - INFO - Scraping page 12/13...
2024-12-07 17:37:18,839 - scrap_logging - INFO - Skipping download: axius\page_12.html already exists.
2024-12-07 17:37:18,907 - scrap_logging - INFO - Number of items: 227
2024-12-07 17:37:18,907 - scrap_logging - INFO - ----------------------------------------------------------------------------------------------------
2024-12-07 17:37:18,907 - scrap_logging - INFO - Scraping page 13/13...
2024-12-07 17:37:18,909 - scrap_logging - INFO - Skipping download: axius\page_13.html already exists.
2024-12-07 17:37:18,953 - scrap_logging - INFO - Number of items: 227
2024-12-07 17:37:21,085 - scrap_logging - INFO -             ref   price                                                url inmobiliaria
0    LF00004379  78.600  https://www.inmocasal.es/propiedad/?referencia...    inmocasal
1    LV00002313  49.000  https://www.inmocasal.es/propiedad/?referencia...    inmocasal
2    LF00004343  82.000  https://www.inmocasal.es/propiedad/?referencia...    inmocasal
3    LF00004305  83.000  https://www.inmocasal.es/propiedad/?referencia...    inmocasal
4    LF00004282  59.900  https://www.inmocasal.es/propiedad/?referencia...    inmocasal
..          ...     ...                                                ...          ...
222     IQ02336  35.000  https://arxus.es/ficha-inmueble/?cod_inmueble=...        axius
223      106212  10.500  https://arxus.es/ficha-inmueble/?cod_inmueble=...        axius
224       94035   2.500  https://arxus.es/ficha-inmueble/?cod_inmueble=...        axius
225       80481  11.500  https://arxus.es/ficha-inmueble/?cod_inmueble=...        axius
226         753  49.000  https://arxus.es/ficha-inmueble/?cod_inmueble=...        axius

[227 rows x 4 columns]
2024-12-07 17:37:24,122 - scrap_logging - INFO - Skipping download: inmocasal\page_1.html already exists.
2024-12-07 17:37:28,292 - scrap_logging - INFO - Número de páginas: 9
2024-12-07 17:37:28,292 - scrap_logging - INFO - Total Properties: 9
2024-12-07 17:37:28,294 - scrap_logging - INFO - ----------------------------------------------------------------------------------------------------
2024-12-07 17:37:28,294 - scrap_logging - INFO - Scraping page 1/9...
2024-12-07 17:37:28,294 - scrap_logging - INFO - Skipping download: inmocasal\page_1.html already exists.
2024-12-07 17:37:28,361 - scrap_logging - INFO - Number of items: 227
2024-12-07 17:37:28,362 - scrap_logging - INFO - ----------------------------------------------------------------------------------------------------
2024-12-07 17:37:28,362 - scrap_logging - INFO - Scraping page 2/9...
2024-12-07 17:37:28,368 - scrap_logging - INFO - Skipping download: inmocasal\page_2.html already exists.
2024-12-07 17:37:28,445 - scrap_logging - INFO - Number of items: 227
2024-12-07 17:37:28,445 - scrap_logging - INFO - ----------------------------------------------------------------------------------------------------
2024-12-07 17:37:28,446 - scrap_logging - INFO - Scraping page 3/9...
2024-12-07 17:37:28,447 - scrap_logging - INFO - Skipping download: inmocasal\page_3.html already exists.
2024-12-07 17:37:28,520 - scrap_logging - INFO - Number of items: 227
2024-12-07 17:37:28,520 - scrap_logging - INFO - ----------------------------------------------------------------------------------------------------
2024-12-07 17:37:28,520 - scrap_logging - INFO - Scraping page 4/9...
2024-12-07 17:37:28,521 - scrap_logging - INFO - Skipping download: inmocasal\page_4.html already exists.
2024-12-07 17:37:28,594 - scrap_logging - INFO - Number of items: 227
2024-12-07 17:37:28,595 - scrap_logging - INFO - ----------------------------------------------------------------------------------------------------
2024-12-07 17:37:28,595 - scrap_logging - INFO - Scraping page 5/9...
2024-12-07 17:37:28,596 - scrap_logging - INFO - Skipping download: inmocasal\page_5.html already exists.
2024-12-07 17:37:28,669 - scrap_logging - INFO - Number of items: 227
2024-12-07 17:37:28,669 - scrap_logging - INFO - ----------------------------------------------------------------------------------------------------
2024-12-07 17:37:28,670 - scrap_logging - INFO - Scraping page 6/9...
2024-12-07 17:37:28,671 - scrap_logging - INFO - Skipping download: inmocasal\page_6.html already exists.
2024-12-07 17:37:28,741 - scrap_logging - INFO - Number of items: 227
2024-12-07 17:37:28,741 - scrap_logging - INFO - ----------------------------------------------------------------------------------------------------
2024-12-07 17:37:28,742 - scrap_logging - INFO - Scraping page 7/9...
2024-12-07 17:37:28,743 - scrap_logging - INFO - Skipping download: inmocasal\page_7.html already exists.
2024-12-07 17:37:28,816 - scrap_logging - INFO - Number of items: 227
2024-12-07 17:37:28,817 - scrap_logging - INFO - ----------------------------------------------------------------------------------------------------
2024-12-07 17:37:28,817 - scrap_logging - INFO - Scraping page 8/9...
2024-12-07 17:37:28,818 - scrap_logging - INFO - Skipping download: inmocasal\page_8.html already exists.
2024-12-07 17:37:28,951 - scrap_logging - INFO - Number of items: 227
2024-12-07 17:37:28,952 - scrap_logging - INFO - ----------------------------------------------------------------------------------------------------
2024-12-07 17:37:28,952 - scrap_logging - INFO - Scraping page 9/9...
2024-12-07 17:37:28,953 - scrap_logging - INFO - Skipping download: inmocasal\page_9.html already exists.
2024-12-07 17:37:29,029 - scrap_logging - INFO - Number of items: 227
2024-12-07 17:37:31,110 - scrap_logging - INFO -                 ref   price                                                url inmobiliaria
0             08235   8.500  https://arxus.es/ficha-inmueble/?cod_inmueble=...        axius
1             08234   6.500  https://arxus.es/ficha-inmueble/?cod_inmueble=...        axius
2             08211  40.000  https://arxus.es/ficha-inmueble/?cod_inmueble=...        axius
3             08200  15.000  https://arxus.es/ficha-inmueble/?cod_inmueble=...        axius
4    08198_homologo  33.500  https://arxus.es/ficha-inmueble/?cod_inmueble=...        axius
..              ...     ...                                                ...          ...
222      LV00001651  58.500  https://www.inmocasal.es/propiedad/?referencia...    inmocasal
223      LV00001657  80.000  https://www.inmocasal.es/propiedad/?referencia...    inmocasal
224      LV00001654  80.000  https://www.inmocasal.es/propiedad/?referencia...    inmocasal
225      LV00001659  80.000  https://www.inmocasal.es/propiedad/?referencia...    inmocasal
226      OV00005159  44.235  https://www.inmocasal.es/propiedad/?referencia...    inmocasal

[227 rows x 4 columns]
2024-12-07 17:37:31,118 - scrap_logging - INFO - ----------------------------------------------------------------------------------------------------
2024-12-07 17:37:31,125 - scrap_logging - INFO - Empty DataFrame
Columns: [ref, price, url, inmobiliaria]
Index: []
2024-12-07 17:37:31,127 - scrap_logging - INFO - No new properties are available. Email won't be sent.
